<?xml version="1.0" encoding="UTF-8"?>
<!-- Generated by org.testng.reporters.JUnitReportReporter -->
<testsuite hostname="LAPTOP-A0PV6E41" failures="0" tests="1" name="execution.AmazonRunnerTest" time="4.938" errors="0" timestamp="2023-12-31T11:13:16 IST" skipped="0">
  <testcase classname="execution.AmazonRunnerTest" name="runScenario" time="4.938"/>
  <system-out/>
</testsuite> <!-- execution.AmazonRunnerTest -->
